<?xml version="1.0" encoding="UTF-8"?>
<testng-results ignored="0" total="1" passed="1" failed="0" skipped="0">
  <reporter-output>
  </reporter-output>
  <suite started-at="2022-04-10T01:54:06 AST" name="Default suite" finished-at="2022-04-10T01:54:59 AST" duration-ms="53260">
    <groups>
    </groups>
    <test started-at="2022-04-10T01:54:06 AST" name="Default test" finished-at="2022-04-10T01:54:59 AST" duration-ms="53260">
      <class name="tests.Additems">
        <test-method is-config="true" signature="initDriver()[pri:0, instance:tests.Additems@2ea41516]" started-at="2022-04-10T01:54:06 AST" name="initDriver" finished-at="2022-04-10T01:54:12 AST" duration-ms="6302" status="PASS">
          <reporter-output>
          </reporter-output>
        </test-method> <!-- initDriver -->
        <test-method signature="searchandadd()[pri:0, instance:tests.Additems@2ea41516]" started-at="2022-04-10T01:54:12 AST" name="searchandadd" finished-at="2022-04-10T01:54:59 AST" duration-ms="46893" status="PASS">
          <reporter-output>
          </reporter-output>
        </test-method> <!-- searchandadd -->
      </class> <!-- tests.Additems -->
    </test> <!-- Default test -->
  </suite> <!-- Default suite -->
</testng-results>
